F:\gmsv_sassilization\gmsv_sassilization\gmsv_sassilization\Release\cl.command.1.tlog
F:\gmsv_sassilization\gmsv_sassilization\gmsv_sassilization\Release\CL.read.1.tlog
F:\gmsv_sassilization\gmsv_sassilization\gmsv_sassilization\Release\CL.write.1.tlog
F:\GMSV_SASSILIZATION\GMSV_SASSILIZATION\GMSV_SASSILIZATION\RELEASE\GMSV_SASSILIZATION_WIN32.DLL.INTERMEDIATE.MANIFEST
F:\gmsv_sassilization\gmsv_sassilization\gmsv_sassilization\Release\gmsv_sassilization_win32.write.1.tlog
F:\GMSV_SASSILIZATION\GMSV_SASSILIZATION\GMSV_SASSILIZATION\RELEASE\ILUAINTERFACE.OBJ
F:\GMSV_SASSILIZATION\GMSV_SASSILIZATION\GMSV_SASSILIZATION\RELEASE\ILUAMODULEMANAGER.OBJ
F:\GMSV_SASSILIZATION\GMSV_SASSILIZATION\GMSV_SASSILIZATION\RELEASE\ILUAOBJECT.OBJ
F:\GMSV_SASSILIZATION\GMSV_SASSILIZATION\GMSV_SASSILIZATION\RELEASE\KDTREE.OBJ
F:\gmsv_sassilization\gmsv_sassilization\gmsv_sassilization\Release\link.command.1.tlog
F:\gmsv_sassilization\gmsv_sassilization\gmsv_sassilization\Release\link.read.1.tlog
F:\gmsv_sassilization\gmsv_sassilization\gmsv_sassilization\Release\link.write.1.tlog
F:\GMSV_SASSILIZATION\GMSV_SASSILIZATION\GMSV_SASSILIZATION\RELEASE\MAIN.OBJ
F:\gmsv_sassilization\gmsv_sassilization\gmsv_sassilization\Release\mt.command.1.tlog
F:\gmsv_sassilization\gmsv_sassilization\gmsv_sassilization\Release\mt.read.1.tlog
F:\gmsv_sassilization\gmsv_sassilization\gmsv_sassilization\Release\mt.write.1.tlog
F:\GMSV_SASSILIZATION\GMSV_SASSILIZATION\GMSV_SASSILIZATION\RELEASE\NAV.OBJ
F:\GMSV_SASSILIZATION\GMSV_SASSILIZATION\GMSV_SASSILIZATION\RELEASE\NODE.OBJ
F:\GMSV_SASSILIZATION\GMSV_SASSILIZATION\GMSV_SASSILIZATION\RELEASE\VC100.PDB
F:\GMSV_SASSILIZATION\GMSV_SASSILIZATION\RELEASE\GMSV_SASSILIZATION_WIN32.DLL
F:\gmsv_sassilization\gmsv_sassilization\Release\gmsv_sassilization_win32.exp
F:\gmsv_sassilization\gmsv_sassilization\Release\gmsv_sassilization_win32.lib
F:\GMSV_SASSILIZATION\GMSV_SASSILIZATION\RELEASE\GMSV_SASSILIZATION_WIN32.MAP
F:\GMSV_SASSILIZATION\GMSV_SASSILIZATION\RELEASE\GMSV_SASSILIZATION_WIN32.PDB
